<?xml version="1.0" encoding="UTF-8"?>
<!-- Generated by org.testng.reporters.JUnitReportReporter -->
<testsuite hostname="DESKTOP-H5CAL9A" failures="0" tests="3" name="Naukri.com.Naukri.com.PuneProfileTestClass" time="310.717" errors="0" timestamp="2023-05-25T19:34:49 IST" skipped="0">
  <testcase classname="Naukri.com.Naukri.com.PuneProfileTestClass" name="deleteanduploadResumeonNaukriBanglore" time="88.811"/>
  <system-out/>
  <testcase classname="Naukri.com.Naukri.com.PuneProfileTestClass" name="deleteanduploadResumeonNaukriNoida" time="110.116"/>
  <system-out/>
  <testcase classname="Naukri.com.Naukri.com.PuneProfileTestClass" name="deleteanduploadResumeonNaukriPune" time="111.790"/>
  <system-out/>
</testsuite> <!-- Naukri.com.Naukri.com.PuneProfileTestClass -->
