<?xml version="1.0" encoding="UTF-8"?>
<!-- Generated by org.testng.reporters.JUnitReportReporter -->
<testsuite hostname="DESKTOP-H5CAL9A" failures="0" tests="2" name="Naukri.com.Naukri.com.NoidaProfileTestClass" time="63.610" errors="0" timestamp="2023-06-19T15:14:10 IST" skipped="0">
  <testcase classname="Naukri.com.Naukri.com.NoidaProfileTestClass" name="deleteanduploadResumeonNaukriNoida" time="32.121"/>
  <system-out/>
  <testcase classname="Naukri.com.Naukri.com.NoidaProfileTestClass" name="deleteanduploadResumeonNaukriPune" time="31.489"/>
  <system-out/>
</testsuite> <!-- Naukri.com.Naukri.com.NoidaProfileTestClass -->
