<?xml version="1.0" encoding="UTF-8"?>
<!-- Generated by org.testng.reporters.JUnitReportReporter -->
<testsuite hostname="DESKTOP-H5CAL9A" failures="0" tests="3" name="Naukri.com.Naukri.com.NoidaProfileTestClass" time="305.156" errors="0" timestamp="2023-05-25T14:43:37 IST" skipped="0">
  <testcase classname="Naukri.com.Naukri.com.NoidaProfileTestClass" name="deleteanduploadResumeonNaukriBanglore" time="87.742"/>
  <system-out/>
  <testcase classname="Naukri.com.Naukri.com.NoidaProfileTestClass" name="deleteanduploadResumeonNaukriNoida" time="108.778"/>
  <system-out/>
  <testcase classname="Naukri.com.Naukri.com.NoidaProfileTestClass" name="deleteanduploadResumeonNaukriPune" time="108.636"/>
  <system-out/>
</testsuite> <!-- Naukri.com.Naukri.com.NoidaProfileTestClass -->
