<?xml version="1.0" encoding="UTF-8"?>
<!-- Generated by org.testng.reporters.JUnitReportReporter -->
<testsuite hostname="DESKTOP-H5CAL9A" failures="0" tests="3" name="Naukri.com.Naukri.com.NoidaProfileTestClass" time="100.024" errors="0" timestamp="2023-05-24T14:07:00 IST" skipped="0">
  <testcase classname="Naukri.com.Naukri.com.NoidaProfileTestClass" name="deleteanduploadResumeonNaukriNoida" time="35.645"/>
  <system-out/>
  <testcase classname="Naukri.com.Naukri.com.NoidaProfileTestClass" name="deleteanduploadResumeonNaukriBanglore" time="30.860"/>
  <system-out/>
  <testcase classname="Naukri.com.Naukri.com.NoidaProfileTestClass" name="deleteanduploadResumeonNaukriPune" time="33.519"/>
  <system-out/>
</testsuite> <!-- Naukri.com.Naukri.com.NoidaProfileTestClass -->
