<?xml version="1.0" encoding="UTF-8"?>
<!-- Generated by org.testng.reporters.JUnitReportReporter -->
<testsuite hostname="DESKTOP-H5CAL9A" failures="0" tests="3" name="Naukri.com.Naukri.com.BengloreProfileTestClass" time="305.868" errors="0" timestamp="2023-05-25T19:23:39 IST" skipped="0">
  <testcase classname="Naukri.com.Naukri.com.BengloreProfileTestClass" name="deleteanduploadResumeonNaukriNoida" time="107.385"/>
  <system-out/>
  <testcase classname="Naukri.com.Naukri.com.BengloreProfileTestClass" name="deleteanduploadResumeonNaukriPune" time="109.456"/>
  <system-out/>
  <testcase classname="Naukri.com.Naukri.com.BengloreProfileTestClass" name="deleteanduploadResumeonNaukriBanglore" time="89.027"/>
  <system-out/>
</testsuite> <!-- Naukri.com.Naukri.com.BengloreProfileTestClass -->
